<?xml version="1.0" encoding="UTF-8"?>
<!-- Generated by org.testng.reporters.JUnitReportReporter -->
<testsuite skipped="0" hostname="NotFound" name="extent.reports.Demo" tests="1" failures="0" timestamp="29 Dec 2019 05:16:47 GMT" time="21.943" errors="0">
  <testcase name="getLoginpageTitle" time="21.943" classname="extent.reports.Demo"/>
</testsuite> <!-- extent.reports.Demo -->
