<?xml version="1.0" encoding="UTF-8"?>
<!-- Generated by org.testng.reporters.JUnitReportReporter -->
<testsuite skipped="0" hostname="NotFound" name="extent.reports.ExtentReportManage" tests="1" failures="0" timestamp="28 Dec 2019 06:37:35 GMT" time="0.047" errors="0">
  <testcase name="extendReportInstance" time="0.047" classname="extent.reports.ExtentReportManage"/>
</testsuite> <!-- extent.reports.ExtentReportManage -->
