<?xml version="1.0" encoding="UTF-8"?>
<!-- Generated by org.testng.reporters.JUnitReportReporter -->
<testsuite skipped="0" hostname="NotFound" name="extent.reports.Demo" tests="1" failures="0" timestamp="28 Dec 2019 10:43:31 GMT" time="31.228" errors="0">
  <testcase name="getLoginpageTitle" time="31.228" classname="extent.reports.Demo"/>
</testsuite> <!-- extent.reports.Demo -->
