<?xml version="1.0" encoding="UTF-8"?>
<!-- Generated by org.testng.reporters.JUnitReportReporter -->
<testsuite skipped="0" hostname="NotFound" name="extent.reports.Demo" tests="1" failures="0" timestamp="29 Dec 2019 08:04:53 GMT" time="27.839" errors="0">
  <testcase name="getLoginpageTitle" time="27.839" classname="extent.reports.Demo"/>
</testsuite> <!-- extent.reports.Demo -->
