<?xml version="1.0" encoding="UTF-8"?>
<!-- Generated by org.testng.reporters.JUnitReportReporter -->
<testsuite skipped="0" hostname="NotFound" name="extent.reports.Demo" tests="1" failures="0" timestamp="29 Dec 2019 08:12:25 GMT" time="24.399" errors="0">
  <testcase name="getLoginpageTitle" time="24.399" classname="extent.reports.Demo"/>
</testsuite> <!-- extent.reports.Demo -->
